<?xml version="1.0" encoding="UTF-8"?>
<testsuite xmlns:xsi="http://www.w3.org/2001/XMLSchema-instance" xsi:noNamespaceSchemaLocation="https://maven.apache.org/surefire/maven-surefire-plugin/xsd/surefire-test-report-3.0.xsd" version="3.0" name="TestSuite" time="109.129" tests="4" errors="0" skipped="0" failures="0">
  <properties>
    <property name="sun.desktop" value="windows"/>
    <property name="awt.toolkit" value="sun.awt.windows.WToolkit"/>
    <property name="file.encoding.pkg" value="sun.io"/>
    <property name="java.specification.version" value="1.8"/>
    <property name="sun.cpu.isalist" value="amd64"/>
    <property name="sun.jnu.encoding" value="Cp1252"/>
    <property name="java.class.path" value="C:\Users\Paila_Naidu\IdeaProjects\Automation\SeleniumAutomationWithCucumber\target\test-classes;C:\Users\Paila_Naidu\IdeaProjects\Automation\SeleniumAutomationWithCucumber\target\classes;C:\Users\Paila_Naidu\.m2\repository\io\cucumber\cucumber-java\6.11.0\cucumber-java-6.11.0.jar;C:\Users\Paila_Naidu\.m2\repository\io\cucumber\cucumber-core\6.11.0\cucumber-core-6.11.0.jar;C:\Users\Paila_Naidu\.m2\repository\io\cucumber\cucumber-gherkin\6.11.0\cucumber-gherkin-6.11.0.jar;C:\Users\Paila_Naidu\.m2\repository\io\cucumber\cucumber-gherkin-messages\6.11.0\cucumber-gherkin-messages-6.11.0.jar;C:\Users\Paila_Naidu\.m2\repository\io\cucumber\messages\15.0.0\messages-15.0.0.jar;C:\Users\Paila_Naidu\.m2\repository\io\cucumber\tag-expressions\3.0.1\tag-expressions-3.0.1.jar;C:\Users\Paila_Naidu\.m2\repository\io\cucumber\cucumber-expressions\10.3.0\cucumber-expressions-10.3.0.jar;C:\Users\Paila_Naidu\.m2\repository\io\cucumber\datatable\3.5.0\datatable-3.5.0.jar;C:\Users\Paila_Naidu\.m2\repository\io\cucumber\cucumber-plugin\6.11.0\cucumber-plugin-6.11.0.jar;C:\Users\Paila_Naidu\.m2\repository\io\cucumber\docstring\6.11.0\docstring-6.11.0.jar;C:\Users\Paila_Naidu\.m2\repository\io\cucumber\html-formatter\13.0.0\html-formatter-13.0.0.jar;C:\Users\Paila_Naidu\.m2\repository\io\cucumber\create-meta\4.0.0\create-meta-4.0.0.jar;C:\Users\Paila_Naidu\.m2\repository\org\apiguardian\apiguardian-api\1.1.2\apiguardian-api-1.1.2.jar;C:\Users\Paila_Naidu\.m2\repository\io\cucumber\cucumber-testng\6.11.0\cucumber-testng-6.11.0.jar;C:\Users\Paila_Naidu\.m2\repository\org\testng\testng\7.0.0\testng-7.0.0.jar;C:\Users\Paila_Naidu\.m2\repository\com\beust\jcommander\1.72\jcommander-1.72.jar;C:\Users\Paila_Naidu\.m2\repository\org\seleniumhq\selenium\selenium-java\3.141.59\selenium-java-3.141.59.jar;C:\Users\Paila_Naidu\.m2\repository\org\seleniumhq\selenium\selenium-api\3.141.59\selenium-api-3.141.59.jar;C:\Users\Paila_Naidu\.m2\repository\org\seleniumhq\selenium\selenium-chrome-driver\3.141.59\selenium-chrome-driver-3.141.59.jar;C:\Users\Paila_Naidu\.m2\repository\org\seleniumhq\selenium\selenium-edge-driver\3.141.59\selenium-edge-driver-3.141.59.jar;C:\Users\Paila_Naidu\.m2\repository\org\seleniumhq\selenium\selenium-firefox-driver\3.141.59\selenium-firefox-driver-3.141.59.jar;C:\Users\Paila_Naidu\.m2\repository\org\seleniumhq\selenium\selenium-ie-driver\3.141.59\selenium-ie-driver-3.141.59.jar;C:\Users\Paila_Naidu\.m2\repository\org\seleniumhq\selenium\selenium-opera-driver\3.141.59\selenium-opera-driver-3.141.59.jar;C:\Users\Paila_Naidu\.m2\repository\org\seleniumhq\selenium\selenium-remote-driver\3.141.59\selenium-remote-driver-3.141.59.jar;C:\Users\Paila_Naidu\.m2\repository\org\seleniumhq\selenium\selenium-safari-driver\3.141.59\selenium-safari-driver-3.141.59.jar;C:\Users\Paila_Naidu\.m2\repository\org\seleniumhq\selenium\selenium-support\3.141.59\selenium-support-3.141.59.jar;C:\Users\Paila_Naidu\.m2\repository\net\bytebuddy\byte-buddy\1.8.15\byte-buddy-1.8.15.jar;C:\Users\Paila_Naidu\.m2\repository\org\apache\commons\commons-exec\1.3\commons-exec-1.3.jar;C:\Users\Paila_Naidu\.m2\repository\com\google\guava\guava\25.0-jre\guava-25.0-jre.jar;C:\Users\Paila_Naidu\.m2\repository\com\google\code\findbugs\jsr305\1.3.9\jsr305-1.3.9.jar;C:\Users\Paila_Naidu\.m2\repository\org\checkerframework\checker-compat-qual\2.0.0\checker-compat-qual-2.0.0.jar;C:\Users\Paila_Naidu\.m2\repository\com\google\errorprone\error_prone_annotations\2.1.3\error_prone_annotations-2.1.3.jar;C:\Users\Paila_Naidu\.m2\repository\com\google\j2objc\j2objc-annotations\1.1\j2objc-annotations-1.1.jar;C:\Users\Paila_Naidu\.m2\repository\org\codehaus\mojo\animal-sniffer-annotations\1.14\animal-sniffer-annotations-1.14.jar;C:\Users\Paila_Naidu\.m2\repository\com\squareup\okhttp3\okhttp\3.11.0\okhttp-3.11.0.jar;C:\Users\Paila_Naidu\.m2\repository\com\squareup\okio\okio\1.14.0\okio-1.14.0.jar;C:\Users\Paila_Naidu\.m2\repository\net\masterthought\cucumber-reporting\5.7.0\cucumber-reporting-5.7.0.jar;C:\Users\Paila_Naidu\.m2\repository\com\fasterxml\jackson\core\jackson-databind\2.13.2.2\jackson-databind-2.13.2.2.jar;C:\Users\Paila_Naidu\.m2\repository\com\fasterxml\jackson\core\jackson-annotations\2.13.2\jackson-annotations-2.13.2.jar;C:\Users\Paila_Naidu\.m2\repository\com\fasterxml\jackson\core\jackson-core\2.13.2\jackson-core-2.13.2.jar;C:\Users\Paila_Naidu\.m2\repository\com\fasterxml\jackson\datatype\jackson-datatype-jsr310\2.13.0\jackson-datatype-jsr310-2.13.0.jar;C:\Users\Paila_Naidu\.m2\repository\org\apache\velocity\velocity-engine-core\2.3\velocity-engine-core-2.3.jar;C:\Users\Paila_Naidu\.m2\repository\org\slf4j\slf4j-api\1.7.30\slf4j-api-1.7.30.jar;C:\Users\Paila_Naidu\.m2\repository\commons-collections\commons-collections\3.2.2\commons-collections-3.2.2.jar;C:\Users\Paila_Naidu\.m2\repository\joda-time\joda-time\2.10.10\joda-time-2.10.10.jar;C:\Users\Paila_Naidu\.m2\repository\org\apache\commons\commons-lang3\3.12.0\commons-lang3-3.12.0.jar;C:\Users\Paila_Naidu\.m2\repository\commons-io\commons-io\2.7\commons-io-2.7.jar;C:\Users\Paila_Naidu\.m2\repository\org\codehaus\plexus\plexus-utils\3.3.0\plexus-utils-3.3.0.jar;C:\Users\Paila_Naidu\.m2\repository\org\jsoup\jsoup\1.14.2\jsoup-1.14.2.jar;C:\Users\Paila_Naidu\.m2\repository\com\googlecode\owasp-java-html-sanitizer\owasp-java-html-sanitizer\20211018.2\owasp-java-html-sanitizer-20211018.2.jar;C:\Users\Paila_Naidu\.m2\repository\commons-configuration\commons-configuration\1.10\commons-configuration-1.10.jar;C:\Users\Paila_Naidu\.m2\repository\commons-lang\commons-lang\2.6\commons-lang-2.6.jar;C:\Users\Paila_Naidu\.m2\repository\commons-logging\commons-logging\1.1.1\commons-logging-1.1.1.jar;"/>
    <property name="java.vm.vendor" value="Oracle Corporation"/>
    <property name="sun.arch.data.model" value="64"/>
    <property name="user.variant" value=""/>
    <property name="java.vendor.url" value="http://java.oracle.com/"/>
    <property name="user.timezone" value="Asia/Calcutta"/>
    <property name="java.vm.specification.version" value="1.8"/>
    <property name="os.name" value="Windows 10"/>
    <property name="user.country" value="IN"/>
    <property name="sun.java.launcher" value="SUN_STANDARD"/>
    <property name="sun.boot.library.path" value="C:\Program Files\Java\jdk1.8.0_321\jre\bin"/>
    <property name="sun.java.command" value="C:\Users\Paila_Naidu\AppData\Local\Temp\surefire3251894136950918051\surefirebooter6968598530095971733.jar C:\Users\Paila_Naidu\AppData\Local\Temp\surefire3251894136950918051 2022-05-23T19-31-17_170-jvmRun1 surefire4982162605757589903tmp surefire_07552869451960995962tmp"/>
    <property name="surefire.test.class.path" value="C:\Users\Paila_Naidu\IdeaProjects\Automation\SeleniumAutomationWithCucumber\target\test-classes;C:\Users\Paila_Naidu\IdeaProjects\Automation\SeleniumAutomationWithCucumber\target\classes;C:\Users\Paila_Naidu\.m2\repository\io\cucumber\cucumber-java\6.11.0\cucumber-java-6.11.0.jar;C:\Users\Paila_Naidu\.m2\repository\io\cucumber\cucumber-core\6.11.0\cucumber-core-6.11.0.jar;C:\Users\Paila_Naidu\.m2\repository\io\cucumber\cucumber-gherkin\6.11.0\cucumber-gherkin-6.11.0.jar;C:\Users\Paila_Naidu\.m2\repository\io\cucumber\cucumber-gherkin-messages\6.11.0\cucumber-gherkin-messages-6.11.0.jar;C:\Users\Paila_Naidu\.m2\repository\io\cucumber\messages\15.0.0\messages-15.0.0.jar;C:\Users\Paila_Naidu\.m2\repository\io\cucumber\tag-expressions\3.0.1\tag-expressions-3.0.1.jar;C:\Users\Paila_Naidu\.m2\repository\io\cucumber\cucumber-expressions\10.3.0\cucumber-expressions-10.3.0.jar;C:\Users\Paila_Naidu\.m2\repository\io\cucumber\datatable\3.5.0\datatable-3.5.0.jar;C:\Users\Paila_Naidu\.m2\repository\io\cucumber\cucumber-plugin\6.11.0\cucumber-plugin-6.11.0.jar;C:\Users\Paila_Naidu\.m2\repository\io\cucumber\docstring\6.11.0\docstring-6.11.0.jar;C:\Users\Paila_Naidu\.m2\repository\io\cucumber\html-formatter\13.0.0\html-formatter-13.0.0.jar;C:\Users\Paila_Naidu\.m2\repository\io\cucumber\create-meta\4.0.0\create-meta-4.0.0.jar;C:\Users\Paila_Naidu\.m2\repository\org\apiguardian\apiguardian-api\1.1.2\apiguardian-api-1.1.2.jar;C:\Users\Paila_Naidu\.m2\repository\io\cucumber\cucumber-testng\6.11.0\cucumber-testng-6.11.0.jar;C:\Users\Paila_Naidu\.m2\repository\org\testng\testng\7.0.0\testng-7.0.0.jar;C:\Users\Paila_Naidu\.m2\repository\com\beust\jcommander\1.72\jcommander-1.72.jar;C:\Users\Paila_Naidu\.m2\repository\org\seleniumhq\selenium\selenium-java\3.141.59\selenium-java-3.141.59.jar;C:\Users\Paila_Naidu\.m2\repository\org\seleniumhq\selenium\selenium-api\3.141.59\selenium-api-3.141.59.jar;C:\Users\Paila_Naidu\.m2\repository\org\seleniumhq\selenium\selenium-chrome-driver\3.141.59\selenium-chrome-driver-3.141.59.jar;C:\Users\Paila_Naidu\.m2\repository\org\seleniumhq\selenium\selenium-edge-driver\3.141.59\selenium-edge-driver-3.141.59.jar;C:\Users\Paila_Naidu\.m2\repository\org\seleniumhq\selenium\selenium-firefox-driver\3.141.59\selenium-firefox-driver-3.141.59.jar;C:\Users\Paila_Naidu\.m2\repository\org\seleniumhq\selenium\selenium-ie-driver\3.141.59\selenium-ie-driver-3.141.59.jar;C:\Users\Paila_Naidu\.m2\repository\org\seleniumhq\selenium\selenium-opera-driver\3.141.59\selenium-opera-driver-3.141.59.jar;C:\Users\Paila_Naidu\.m2\repository\org\seleniumhq\selenium\selenium-remote-driver\3.141.59\selenium-remote-driver-3.141.59.jar;C:\Users\Paila_Naidu\.m2\repository\org\seleniumhq\selenium\selenium-safari-driver\3.141.59\selenium-safari-driver-3.141.59.jar;C:\Users\Paila_Naidu\.m2\repository\org\seleniumhq\selenium\selenium-support\3.141.59\selenium-support-3.141.59.jar;C:\Users\Paila_Naidu\.m2\repository\net\bytebuddy\byte-buddy\1.8.15\byte-buddy-1.8.15.jar;C:\Users\Paila_Naidu\.m2\repository\org\apache\commons\commons-exec\1.3\commons-exec-1.3.jar;C:\Users\Paila_Naidu\.m2\repository\com\google\guava\guava\25.0-jre\guava-25.0-jre.jar;C:\Users\Paila_Naidu\.m2\repository\com\google\code\findbugs\jsr305\1.3.9\jsr305-1.3.9.jar;C:\Users\Paila_Naidu\.m2\repository\org\checkerframework\checker-compat-qual\2.0.0\checker-compat-qual-2.0.0.jar;C:\Users\Paila_Naidu\.m2\repository\com\google\errorprone\error_prone_annotations\2.1.3\error_prone_annotations-2.1.3.jar;C:\Users\Paila_Naidu\.m2\repository\com\google\j2objc\j2objc-annotations\1.1\j2objc-annotations-1.1.jar;C:\Users\Paila_Naidu\.m2\repository\org\codehaus\mojo\animal-sniffer-annotations\1.14\animal-sniffer-annotations-1.14.jar;C:\Users\Paila_Naidu\.m2\repository\com\squareup\okhttp3\okhttp\3.11.0\okhttp-3.11.0.jar;C:\Users\Paila_Naidu\.m2\repository\com\squareup\okio\okio\1.14.0\okio-1.14.0.jar;C:\Users\Paila_Naidu\.m2\repository\net\masterthought\cucumber-reporting\5.7.0\cucumber-reporting-5.7.0.jar;C:\Users\Paila_Naidu\.m2\repository\com\fasterxml\jackson\core\jackson-databind\2.13.2.2\jackson-databind-2.13.2.2.jar;C:\Users\Paila_Naidu\.m2\repository\com\fasterxml\jackson\core\jackson-annotations\2.13.2\jackson-annotations-2.13.2.jar;C:\Users\Paila_Naidu\.m2\repository\com\fasterxml\jackson\core\jackson-core\2.13.2\jackson-core-2.13.2.jar;C:\Users\Paila_Naidu\.m2\repository\com\fasterxml\jackson\datatype\jackson-datatype-jsr310\2.13.0\jackson-datatype-jsr310-2.13.0.jar;C:\Users\Paila_Naidu\.m2\repository\org\apache\velocity\velocity-engine-core\2.3\velocity-engine-core-2.3.jar;C:\Users\Paila_Naidu\.m2\repository\org\slf4j\slf4j-api\1.7.30\slf4j-api-1.7.30.jar;C:\Users\Paila_Naidu\.m2\repository\commons-collections\commons-collections\3.2.2\commons-collections-3.2.2.jar;C:\Users\Paila_Naidu\.m2\repository\joda-time\joda-time\2.10.10\joda-time-2.10.10.jar;C:\Users\Paila_Naidu\.m2\repository\org\apache\commons\commons-lang3\3.12.0\commons-lang3-3.12.0.jar;C:\Users\Paila_Naidu\.m2\repository\commons-io\commons-io\2.7\commons-io-2.7.jar;C:\Users\Paila_Naidu\.m2\repository\org\codehaus\plexus\plexus-utils\3.3.0\plexus-utils-3.3.0.jar;C:\Users\Paila_Naidu\.m2\repository\org\jsoup\jsoup\1.14.2\jsoup-1.14.2.jar;C:\Users\Paila_Naidu\.m2\repository\com\googlecode\owasp-java-html-sanitizer\owasp-java-html-sanitizer\20211018.2\owasp-java-html-sanitizer-20211018.2.jar;C:\Users\Paila_Naidu\.m2\repository\commons-configuration\commons-configuration\1.10\commons-configuration-1.10.jar;C:\Users\Paila_Naidu\.m2\repository\commons-lang\commons-lang\2.6\commons-lang-2.6.jar;C:\Users\Paila_Naidu\.m2\repository\commons-logging\commons-logging\1.1.1\commons-logging-1.1.1.jar;"/>
    <property name="sun.cpu.endian" value="little"/>
    <property name="user.home" value="C:\Users\Paila_Naidu"/>
    <property name="user.language" value="en"/>
    <property name="java.specification.vendor" value="Oracle Corporation"/>
    <property name="java.home" value="C:\Program Files\Java\jdk1.8.0_321\jre"/>
    <property name="basedir" value="C:\Users\Paila_Naidu\IdeaProjects\Automation\SeleniumAutomationWithCucumber"/>
    <property name="file.separator" value="\"/>
    <property name="line.separator" value="&#10;"/>
    <property name="java.vm.specification.vendor" value="Oracle Corporation"/>
    <property name="java.specification.name" value="Java Platform API Specification"/>
    <property name="java.awt.graphicsenv" value="sun.awt.Win32GraphicsEnvironment"/>
    <property name="surefire.real.class.path" value="C:\Users\Paila_Naidu\AppData\Local\Temp\surefire3251894136950918051\surefirebooter6968598530095971733.jar"/>
    <property name="sun.boot.class.path" value="C:\Program Files\Java\jdk1.8.0_321\jre\lib\resources.jar;C:\Program Files\Java\jdk1.8.0_321\jre\lib\rt.jar;C:\Program Files\Java\jdk1.8.0_321\jre\lib\sunrsasign.jar;C:\Program Files\Java\jdk1.8.0_321\jre\lib\jsse.jar;C:\Program Files\Java\jdk1.8.0_321\jre\lib\jce.jar;C:\Program Files\Java\jdk1.8.0_321\jre\lib\charsets.jar;C:\Program Files\Java\jdk1.8.0_321\jre\lib\jfr.jar;C:\Program Files\Java\jdk1.8.0_321\jre\classes"/>
    <property name="user.script" value=""/>
    <property name="sun.management.compiler" value="HotSpot 64-Bit Tiered Compilers"/>
    <property name="java.runtime.version" value="1.8.0_321-b07"/>
    <property name="user.name" value="Paila_Naidu"/>
    <property name="path.separator" value=";"/>
    <property name="os.version" value="10.0"/>
    <property name="java.endorsed.dirs" value="C:\Program Files\Java\jdk1.8.0_321\jre\lib\endorsed"/>
    <property name="java.runtime.name" value="Java(TM) SE Runtime Environment"/>
    <property name="file.encoding" value="Cp1252"/>
    <property name="java.vm.name" value="Java HotSpot(TM) 64-Bit Server VM"/>
    <property name="localRepository" value="C:\Users\Paila_Naidu\.m2\repository"/>
    <property name="java.vendor.url.bug" value="http://bugreport.sun.com/bugreport/"/>
    <property name="java.io.tmpdir" value="C:\Users\PAILA_~1\AppData\Local\Temp\"/>
    <property name="idea.version" value="2022.1"/>
    <property name="java.version" value="1.8.0_321"/>
    <property name="user.dir" value="C:\Users\Paila_Naidu\IdeaProjects\Automation\SeleniumAutomationWithCucumber"/>
    <property name="os.arch" value="amd64"/>
    <property name="java.vm.specification.name" value="Java Virtual Machine Specification"/>
    <property name="java.awt.printerjob" value="sun.awt.windows.WPrinterJob"/>
    <property name="sun.os.patch.level" value=""/>
    <property name="java.library.path" value="C:\Program Files\Java\jdk1.8.0_321\jre\bin;C:\Windows\Sun\Java\bin;C:\Windows\system32;C:\Windows;C:\Program Files (x86)\Common Files\Oracle\Java\javapath;C:\Windows\system32;C:\Windows;C:\Windows\System32\Wbem;C:\Windows\System32\WindowsPowerShell\v1.0\;C:\Windows\System32\OpenSSH\;C:\Program Files\dotnet\;C:\Program Files\Java\jdk1.8.0_321\bin;C:\Program Files\Git\cmd;C:\Maven\apache-maven-3.8.5\bin;;C:\Program Files\Docker\Docker\resources\bin;C:\ProgramData\DockerDesktop\version-bin;C:\Users\Paila_Naidu\AppData\Local\Microsoft\WindowsApps;;."/>
    <property name="java.vm.info" value="mixed mode"/>
    <property name="java.vendor" value="Oracle Corporation"/>
    <property name="java.vm.version" value="25.321-b07"/>
    <property name="java.ext.dirs" value="C:\Program Files\Java\jdk1.8.0_321\jre\lib\ext;C:\Windows\Sun\Java\lib\ext"/>
    <property name="sun.io.unicode.encoding" value="UnicodeLittle"/>
    <property name="java.class.version" value="52.0"/>
    <property name="maven.test.failure.ignore" value="true"/>
  </properties>
  <testcase name="runScenario[&quot;Naivgation scenario&quot;, &quot;Optional[1st feature]&quot;](1)" classname="Runners.Runner" time="6.151">
    <system-out><![CDATA[
Scenario: Naivgation scenario           &amp#27;[90m# features/UserRegistration.feature:3&amp#27;[0m
  &amp#27;[32mGiven &amp#27;[0m&amp#27;[32mI navigate to flipkart website&amp#27;[0m  &amp#27;[90m# StepDefinitions.NavigationsDefinitions.nagivatetomainSite()&amp#27;[0m
  &amp#27;[32mWhen &amp#27;[0m&amp#27;[32mI enter username as &amp#27;[0m&amp#27;[32m&amp#27;[1m"9618095002"&amp#27;[0m &amp#27;[90m# StepDefinitions.HomePageDefinitions.enterUserNames(java.lang.String)&amp#27;[0m
  &amp#27;[32mWhen &amp#27;[0m&amp#27;[32mI enter below password&amp#27;[0m           &amp#27;[90m# StepDefinitions.HomePageDefinitions.enterPassword(java.lang.String)&amp#27;[0m
  &amp#27;[32mWhen &amp#27;[0m&amp#27;[32mI click on sign-in button&amp#27;[0m        &amp#27;[90m# StepDefinitions.HomePageDefinitions.clickOnsign()&amp#27;[0m

    Embedding Naivgation scenario [image/png 109677 bytes]

]]></system-out>
    <system-err><![CDATA[May 23, 2022 7:31:20 PM org.openqa.selenium.remote.ProtocolHandshake createSession
INFO: Detected dialect: W3C
]]></system-err>
  </testcase>
  <testcase name="runScenario[&quot;Naivgation scenario for 96180950023&quot;, &quot;Optional[1st feature]&quot;](2)" classname="Runners.Runner" time="13.729">
    <system-out><![CDATA[
Scenario Outline: Naivgation scenario for 96180950023 &amp#27;[90m# features/UserRegistration.feature:20&amp#27;[0m
  &amp#27;[32mGiven &amp#27;[0m&amp#27;[32mI navigate to flipkart website&amp#27;[0m                &amp#27;[90m# StepDefinitions.NavigationsDefinitions.nagivatetomainSite()&amp#27;[0m
  &amp#27;[32mWhen &amp#27;[0m&amp#27;[32mI enter username as &amp#27;[0m&amp#27;[32m&amp#27;[1m"96180950023"&amp#27;[0m              &amp#27;[90m# StepDefinitions.HomePageDefinitions.enterUserNames(java.lang.String)&amp#27;[0m
  &amp#27;[32mWhen &amp#27;[0m&amp#27;[32mI enter password as &amp#27;[0m&amp#27;[32m&amp#27;[1m"passwords"&amp#27;[0m                &amp#27;[90m# StepDefinitions.HomePageDefinitions.enterPassword(java.lang.String)&amp#27;[0m

    Embedding Naivgation scenario for 96180950023 [image/png 112469 bytes]

]]></system-out>
    <system-err><![CDATA[May 23, 2022 7:31:26 PM org.openqa.selenium.remote.ProtocolHandshake createSession
INFO: Detected dialect: W3C
]]></system-err>
  </testcase>
  <testcase name="runScenario[&quot;Naivgation scenario for 96180950023&quot;, &quot;Optional[1st feature]&quot;](3)" classname="Runners.Runner" time="49.044">
    <system-out><![CDATA[
Scenario Outline: Naivgation scenario for 96180950023 &amp#27;[90m# features/UserRegistration.feature:21&amp#27;[0m
  &amp#27;[32mGiven &amp#27;[0m&amp#27;[32mI navigate to flipkart website&amp#27;[0m                &amp#27;[90m# StepDefinitions.NavigationsDefinitions.nagivatetomainSite()&amp#27;[0m
  &amp#27;[32mWhen &amp#27;[0m&amp#27;[32mI enter username as &amp#27;[0m&amp#27;[32m&amp#27;[1m"96180950023"&amp#27;[0m              &amp#27;[90m# StepDefinitions.HomePageDefinitions.enterUserNames(java.lang.String)&amp#27;[0m
  &amp#27;[32mWhen &amp#27;[0m&amp#27;[32mI enter password as &amp#27;[0m&amp#27;[32m&amp#27;[1m"passwords"&amp#27;[0m                &amp#27;[90m# StepDefinitions.HomePageDefinitions.enterPassword(java.lang.String)&amp#27;[0m

    Embedding Naivgation scenario for 96180950023 [image/png 129184 bytes]

]]></system-out>
    <system-err><![CDATA[May 23, 2022 7:31:39 PM org.openqa.selenium.remote.ProtocolHandshake createSession
INFO: Detected dialect: W3C
]]></system-err>
  </testcase>
  <testcase name="runScenario[&quot;Naivgation scenario for 96180950023&quot;, &quot;Optional[1st feature]&quot;](4)" classname="Runners.Runner" time="39.12">
    <system-out><![CDATA[
Scenario Outline: Naivgation scenario for 96180950023 &amp#27;[90m# features/UserRegistration.feature:22&amp#27;[0m
  &amp#27;[32mGiven &amp#27;[0m&amp#27;[32mI navigate to flipkart website&amp#27;[0m                &amp#27;[90m# StepDefinitions.NavigationsDefinitions.nagivatetomainSite()&amp#27;[0m
  &amp#27;[32mWhen &amp#27;[0m&amp#27;[32mI enter username as &amp#27;[0m&amp#27;[32m&amp#27;[1m"96180950023"&amp#27;[0m              &amp#27;[90m# StepDefinitions.HomePageDefinitions.enterUserNames(java.lang.String)&amp#27;[0m
  &amp#27;[32mWhen &amp#27;[0m&amp#27;[32mI enter password as &amp#27;[0m&amp#27;[32m&amp#27;[1m"passwords"&amp#27;[0m                &amp#27;[90m# StepDefinitions.HomePageDefinitions.enterPassword(java.lang.String)&amp#27;[0m

    Embedding Naivgation scenario for 96180950023 [image/png 112851 bytes]

]]></system-out>
    <system-err><![CDATA[May 23, 2022 7:32:28 PM org.openqa.selenium.remote.ProtocolHandshake createSession
INFO: Detected dialect: W3C
]]></system-err>
  </testcase>
</testsuite>