<?xml version="1.0" encoding="UTF-8"?>
<!-- Generated by org.testng.reporters.JUnitReportReporter -->
<testsuite skipped="0" hostname="EPINHYDW02FC" name="Runners.Runner" tests="4" failures="0" timestamp="2022-05-23T19:33:06 IST" time="108.037" errors="0">
  <testcase name="runScenario" time="49.046" classname="Runners.Runner"/>
  <testcase name="runScenario" time="6.137" classname="Runners.Runner"/>
  <testcase name="runScenario" time="39.117" classname="Runners.Runner"/>
  <testcase name="runScenario" time="13.737" classname="Runners.Runner"/>
</testsuite> <!-- Runners.Runner -->
