<?xml version="1.0" encoding="UTF-8"?>
<!-- Generated by org.testng.reporters.JUnitReportReporter -->
<testsuite skipped="0" hostname="EPINHYDW02FC" name="Runner.TestRunner" tests="1" failures="0" timestamp="2022-05-23T15:14:43 IST" time="0.959" errors="0">
  <testcase name="feature" time="0.959" classname="Runner.TestRunner"/>
</testsuite> <!-- Runner.TestRunner -->
